2020-03-29 14:43:33,145 - root - INFO - ** Kedro project workspace
2020-03-29 14:43:33,160 - kedro.io.data_catalog - INFO - Loading data from `example_iris_data` (CSVLocalDataSet)...
2020-03-29 14:43:33,164 - kedro.io.data_catalog - INFO - Loading data from `params:example_test_data_ratio` (MemoryDataSet)...
2020-03-29 14:43:33,164 - kedro.pipeline.node - INFO - Running node: split_data([example_iris_data,params:example_test_data_ratio]) -> [example_test_x,example_test_y,example_train_x,example_train_y]
2020-03-29 14:43:33,179 - kedro.io.data_catalog - INFO - Saving data to `example_train_x` (MemoryDataSet)...
2020-03-29 14:43:33,179 - kedro.io.data_catalog - INFO - Saving data to `example_train_y` (MemoryDataSet)...
2020-03-29 14:43:33,179 - kedro.io.data_catalog - INFO - Saving data to `example_test_x` (MemoryDataSet)...
2020-03-29 14:43:33,179 - kedro.io.data_catalog - INFO - Saving data to `example_test_y` (MemoryDataSet)...
2020-03-29 14:43:33,180 - kedro.runner.sequential_runner - INFO - Completed 1 out of 5 tasks
2020-03-29 14:43:33,180 - kedro.io.data_catalog - INFO - Loading data from `example_train_x` (MemoryDataSet)...
2020-03-29 14:43:33,180 - kedro.io.data_catalog - INFO - Loading data from `example_train_y` (MemoryDataSet)...
2020-03-29 14:43:33,180 - kedro.io.data_catalog - INFO - Loading data from `parameters` (MemoryDataSet)...
2020-03-29 14:43:33,181 - kedro.pipeline.node - INFO - Running node: train_model([example_train_x,example_train_y,parameters]) -> [example_model]
2020-03-29 14:43:33,641 - kedro.io.data_catalog - INFO - Saving data to `example_model` (MemoryDataSet)...
2020-03-29 14:43:33,642 - kedro.runner.sequential_runner - INFO - Completed 2 out of 5 tasks
2020-03-29 14:43:33,642 - kedro.io.data_catalog - INFO - Loading data from `example_test_y` (MemoryDataSet)...
2020-03-29 14:43:33,643 - kedro.pipeline.node - INFO - Running node: Test Add Node: <lambda>([example_test_y]) -> None
2020-03-29 14:43:33,643 - kedro.runner.sequential_runner - INFO - Completed 3 out of 5 tasks
2020-03-29 14:43:33,643 - kedro.io.data_catalog - INFO - Loading data from `example_model` (MemoryDataSet)...
2020-03-29 14:43:33,643 - kedro.io.data_catalog - INFO - Loading data from `example_test_x` (MemoryDataSet)...
2020-03-29 14:43:33,643 - kedro.pipeline.node - INFO - Running node: predict([example_model,example_test_x]) -> [example_predictions]
2020-03-29 14:43:33,644 - kedro.io.data_catalog - INFO - Saving data to `example_predictions` (MemoryDataSet)...
2020-03-29 14:43:33,645 - kedro.runner.sequential_runner - INFO - Completed 4 out of 5 tasks
2020-03-29 14:43:33,645 - kedro.io.data_catalog - INFO - Loading data from `example_predictions` (MemoryDataSet)...
2020-03-29 14:43:33,645 - kedro.io.data_catalog - INFO - Loading data from `example_test_y` (MemoryDataSet)...
2020-03-29 14:43:33,645 - kedro.pipeline.node - INFO - Running node: report_accuracy([example_predictions,example_test_y]) -> None
2020-03-29 14:43:33,645 - default_kedro_157.pipelines.data_science.nodes - INFO - Model accuracy on test set: 93.33%
2020-03-29 14:43:33,646 - kedro.runner.sequential_runner - INFO - Completed 5 out of 5 tasks
2020-03-29 14:43:33,646 - kedro.runner.sequential_runner - INFO - Pipeline execution completed successfully.
