WARNING: The directory '/github/home/.cache/pip' or its parent directory is not owned or is not writable by the current user. The cache has been disabled. Check the permissions and owner of that directory. If executing pip with sudo, you may want sudo's -H flag.
Requirement already up-to-date: pip in /usr/local/lib/python3.7/site-packages (20.0.2)
WARNING: The directory '/github/home/.cache/pip' or its parent directory is not owned or is not writable by the current user. The cache has been disabled. Check the permissions and owner of that directory. If executing pip with sudo, you may want sudo's -H flag.
Collecting kedro
  Downloading kedro-0.15.8-py3-none-any.whl (12.5 MB)
Collecting anyconfig<1.0,>=0.9.7
  Downloading anyconfig-0.9.10.tar.gz (103 kB)
Collecting xlsxwriter<2.0,>=1.0.0
  Downloading XlsxWriter-1.2.8-py2.py3-none-any.whl (141 kB)
Collecting azure-storage-queue<2.0,>=1.1.0
  Downloading azure_storage_queue-1.4.0-py2.py3-none-any.whl (23 kB)
Collecting PyYAML<6.0,>=4.2
  Downloading PyYAML-5.3.1.tar.gz (269 kB)
Collecting fsspec<1.0,>=0.5.1
  Downloading fsspec-0.7.0-py3-none-any.whl (66 kB)
Collecting azure-storage-blob<2.0,>=1.1.0
  Downloading azure_storage_blob-1.5.0-py2.py3-none-any.whl (75 kB)
Collecting pip-tools<5.0.0,>=4.0.0
  Downloading pip_tools-4.5.1-py2.py3-none-any.whl (41 kB)
Collecting pyarrow<1.0.0,>=0.12.0
  Downloading pyarrow-0.16.0-cp37-cp37m-manylinux2014_x86_64.whl (63.1 MB)
Collecting cookiecutter<2.0,>=1.6.0
  Downloading cookiecutter-1.7.0-py2.py3-none-any.whl (40 kB)
Collecting xlrd<2.0,>=1.0.0
  Downloading xlrd-1.2.0-py2.py3-none-any.whl (103 kB)
Collecting SQLAlchemy<2.0,>=1.2.0
  Downloading SQLAlchemy-1.3.15.tar.gz (6.1 MB)
  Installing build dependencies: started
  Installing build dependencies: finished with status 'done'
  Getting requirements to build wheel: started
  Getting requirements to build wheel: finished with status 'done'
    Preparing wheel metadata: started
    Preparing wheel metadata: finished with status 'done'
Collecting python-json-logger<1.0,>=0.1.9
  Downloading python-json-logger-0.1.11.tar.gz (6.0 kB)
Collecting pandas<1.0,>=0.24.0
  Downloading pandas-0.25.3-cp37-cp37m-manylinux1_x86_64.whl (10.4 MB)
Collecting s3fs<1.0,>=0.3.0
  Downloading s3fs-0.4.1-py3-none-any.whl (19 kB)
Collecting requests<3.0,>=2.20.0
  Downloading requests-2.23.0-py2.py3-none-any.whl (58 kB)
Collecting azure-storage-file<2.0,>=1.1.0
  Downloading azure_storage_file-1.4.0-py2.py3-none-any.whl (30 kB)
Collecting pandas-gbq<1.0,>=0.12.0
  Downloading pandas_gbq-0.13.1-py3-none-any.whl (23 kB)
Collecting toposort<2.0,>=1.5
  Downloading toposort-1.5-py2.py3-none-any.whl (7.6 kB)
Collecting click<8.0
  Downloading click-7.1.1-py2.py3-none-any.whl (82 kB)
Collecting tables<3.6,>=3.4.4
  Downloading tables-3.5.2-cp37-cp37m-manylinux1_x86_64.whl (4.3 MB)
Requirement already satisfied: setuptools in /usr/local/lib/python3.7/site-packages (from anyconfig<1.0,>=0.9.7->kedro) (46.0.0)
Collecting azure-common>=1.1.5
  Downloading azure_common-1.1.25-py2.py3-none-any.whl (12 kB)
Collecting azure-storage-common~=1.4
  Downloading azure_storage_common-1.4.2-py2.py3-none-any.whl (47 kB)
Collecting six
  Downloading six-1.14.0-py2.py3-none-any.whl (10 kB)
Collecting numpy>=1.14
  Downloading numpy-1.18.2-cp37-cp37m-manylinux1_x86_64.whl (20.2 MB)
Collecting future>=0.15.2
  Downloading future-0.18.2.tar.gz (829 kB)
Collecting binaryornot>=0.2.0
  Downloading binaryornot-0.4.4-py2.py3-none-any.whl (9.0 kB)
Collecting poyo>=0.1.0
  Downloading poyo-0.5.0-py2.py3-none-any.whl (10 kB)
Collecting jinja2>=2.7
  Downloading Jinja2-2.11.1-py2.py3-none-any.whl (126 kB)
Collecting whichcraft>=0.4.0
  Downloading whichcraft-0.6.1-py2.py3-none-any.whl (5.2 kB)
Collecting jinja2-time>=0.1.0
  Downloading jinja2_time-0.2.0-py2.py3-none-any.whl (6.4 kB)
Collecting pytz>=2017.2
  Downloading pytz-2019.3-py2.py3-none-any.whl (509 kB)
Collecting python-dateutil>=2.6.1
  Downloading python_dateutil-2.8.1-py2.py3-none-any.whl (227 kB)
Collecting botocore>=1.12.91
  Downloading botocore-1.15.31-py2.py3-none-any.whl (6.0 MB)
Collecting urllib3!=1.25.0,!=1.25.1,<1.26,>=1.21.1
  Downloading urllib3-1.25.8-py2.py3-none-any.whl (125 kB)
Collecting chardet<4,>=3.0.2
  Downloading chardet-3.0.4-py2.py3-none-any.whl (133 kB)
Collecting idna<3,>=2.5
  Downloading idna-2.9-py2.py3-none-any.whl (58 kB)
Collecting certifi>=2017.4.17
  Downloading certifi-2019.11.28-py2.py3-none-any.whl (156 kB)
Collecting google-cloud-bigquery>=1.11.1
  Downloading google_cloud_bigquery-1.24.0-py2.py3-none-any.whl (165 kB)
Collecting google-auth-oauthlib
  Downloading google_auth_oauthlib-0.4.1-py2.py3-none-any.whl (18 kB)
Collecting google-auth
  Downloading google_auth-1.12.0-py2.py3-none-any.whl (83 kB)
Collecting pydata-google-auth
  Downloading pydata_google_auth-0.3.0-py2.py3-none-any.whl (12 kB)
Collecting mock>=2.0
  Downloading mock-4.0.2-py3-none-any.whl (28 kB)
Collecting numexpr>=2.6.2
  Downloading numexpr-2.7.1-cp37-cp37m-manylinux1_x86_64.whl (162 kB)
Collecting cryptography
  Downloading cryptography-2.8-cp34-abi3-manylinux2010_x86_64.whl (2.3 MB)
Collecting MarkupSafe>=0.23
  Downloading MarkupSafe-1.1.1-cp37-cp37m-manylinux1_x86_64.whl (27 kB)
Collecting arrow
  Downloading arrow-0.15.5-py2.py3-none-any.whl (46 kB)
Collecting docutils<0.16,>=0.10
  Downloading docutils-0.15.2-py3-none-any.whl (547 kB)
Collecting jmespath<1.0.0,>=0.7.1
  Downloading jmespath-0.9.5-py2.py3-none-any.whl (24 kB)
Collecting google-resumable-media<0.6dev,>=0.5.0
  Downloading google_resumable_media-0.5.0-py2.py3-none-any.whl (38 kB)
Collecting google-cloud-core<2.0dev,>=1.1.0
  Downloading google_cloud_core-1.3.0-py2.py3-none-any.whl (26 kB)
Collecting google-api-core<2.0dev,>=1.15.0
  Downloading google_api_core-1.16.0-py2.py3-none-any.whl (70 kB)
Collecting protobuf>=3.6.0
  Downloading protobuf-3.11.3-cp37-cp37m-manylinux1_x86_64.whl (1.3 MB)
Collecting requests-oauthlib>=0.7.0
  Downloading requests_oauthlib-1.3.0-py2.py3-none-any.whl (23 kB)
Collecting rsa<4.1,>=3.1.4
  Downloading rsa-4.0-py2.py3-none-any.whl (38 kB)
Collecting pyasn1-modules>=0.2.1
  Downloading pyasn1_modules-0.2.8-py2.py3-none-any.whl (155 kB)
Collecting cachetools<5.0,>=2.0.0
  Downloading cachetools-4.0.0-py3-none-any.whl (10 kB)
Collecting cffi!=1.11.3,>=1.8
  Downloading cffi-1.14.0-cp37-cp37m-manylinux1_x86_64.whl (400 kB)
Collecting googleapis-common-protos<2.0dev,>=1.6.0
  Downloading googleapis-common-protos-1.51.0.tar.gz (35 kB)
Collecting oauthlib>=3.0.0
  Downloading oauthlib-3.1.0-py2.py3-none-any.whl (147 kB)
Collecting pyasn1>=0.1.3
  Downloading pyasn1-0.4.8-py2.py3-none-any.whl (77 kB)
Collecting pycparser
  Downloading pycparser-2.20-py2.py3-none-any.whl (112 kB)
Building wheels for collected packages: anyconfig, PyYAML, SQLAlchemy, python-json-logger, future, googleapis-common-protos
  Building wheel for anyconfig (setup.py): started
  Building wheel for anyconfig (setup.py): finished with status 'done'
  Created wheel for anyconfig: filename=anyconfig-0.9.10-py2.py3-none-any.whl size=66113 sha256=7c26fcec3b8cb2932939cc847b40f1d6f813cbda1217928ca7bb7c86dd9624fb
  Stored in directory: /tmp/pip-ephem-wheel-cache-4wdnp3q_/wheels/5f/bf/9a/0cec62a7e948b384427f58c1ff5b74885bfec2ba78d013e2d9
  Building wheel for PyYAML (setup.py): started
  Building wheel for PyYAML (setup.py): finished with status 'done'
  Created wheel for PyYAML: filename=PyYAML-5.3.1-cp37-cp37m-linux_x86_64.whl size=471241 sha256=55a7373e88edb7183d622ac04bafb75b026612a25244282db11c22d871684ba0
  Stored in directory: /tmp/pip-ephem-wheel-cache-4wdnp3q_/wheels/5e/03/1e/e1e954795d6f35dfc7b637fe2277bff021303bd9570ecea653
  Building wheel for SQLAlchemy (PEP 517): started
  Building wheel for SQLAlchemy (PEP 517): finished with status 'done'
  Created wheel for SQLAlchemy: filename=SQLAlchemy-1.3.15-cp37-cp37m-linux_x86_64.whl size=1234889 sha256=2905b773f9a8c67a766cd025bf38002b06405da47579368f39a049deea64ee1e
  Stored in directory: /tmp/pip-ephem-wheel-cache-4wdnp3q_/wheels/27/96/77/0695ac3b6ad6c91d607f9a19cfb45cdf416e5b564b77a64a9b
  Building wheel for python-json-logger (setup.py): started
  Building wheel for python-json-logger (setup.py): finished with status 'done'
  Created wheel for python-json-logger: filename=python_json_logger-0.1.11-py2.py3-none-any.whl size=5075 sha256=abd9c2520af31089ec4d443c9935e0323a1955226e19779d897d7bcc1b6e102b
  Stored in directory: /tmp/pip-ephem-wheel-cache-4wdnp3q_/wheels/fa/7f/fd/92ccdbb9d1a65486406e0363d2ba5b4ce52f400a915f602ecb
  Building wheel for future (setup.py): started
  Building wheel for future (setup.py): finished with status 'done'
  Created wheel for future: filename=future-0.18.2-py3-none-any.whl size=491058 sha256=bc38a5202efce8c8f8c9129db227dbcc44ff433552a3100da4002b741616b861
  Stored in directory: /tmp/pip-ephem-wheel-cache-4wdnp3q_/wheels/56/b0/fe/4410d17b32f1f0c3cf54cdfb2bc04d7b4b8f4ae377e2229ba0
  Building wheel for googleapis-common-protos (setup.py): started
  Building wheel for googleapis-common-protos (setup.py): finished with status 'done'
  Created wheel for googleapis-common-protos: filename=googleapis_common_protos-1.51.0-py3-none-any.whl size=77592 sha256=c4bb7390224ec743403868d21ee7a272cd4e16a57c60517857c780b84aa96030
  Stored in directory: /tmp/pip-ephem-wheel-cache-4wdnp3q_/wheels/4c/a1/71/5e427276ceeff277fd76878d1b19fbf4587a2845015d86864b
Successfully built anyconfig PyYAML SQLAlchemy python-json-logger future googleapis-common-protos
Installing collected packages: anyconfig, xlsxwriter, azure-common, pycparser, cffi, six, cryptography, python-dateutil, urllib3, chardet, idna, certifi, requests, azure-storage-common, azure-storage-queue, PyYAML, fsspec, azure-storage-blob, click, pip-tools, numpy, pyarrow, future, binaryornot, poyo, MarkupSafe, jinja2, whichcraft, arrow, jinja2-time, cookiecutter, xlrd, SQLAlchemy, python-json-logger, pytz, pandas, docutils, jmespath, botocore, s3fs, azure-storage-file, pyasn1, rsa, pyasn1-modules, cachetools, google-auth, google-resumable-media, protobuf, googleapis-common-protos, google-api-core, google-cloud-core, google-cloud-bigquery, oauthlib, requests-oauthlib, google-auth-oauthlib, pydata-google-auth, pandas-gbq, toposort, mock, numexpr, tables, kedro
Successfully installed MarkupSafe-1.1.1 PyYAML-5.3.1 SQLAlchemy-1.3.15 anyconfig-0.9.10 arrow-0.15.5 azure-common-1.1.25 azure-storage-blob-1.5.0 azure-storage-common-1.4.2 azure-storage-file-1.4.0 azure-storage-queue-1.4.0 binaryornot-0.4.4 botocore-1.15.31 cachetools-4.0.0 certifi-2019.11.28 cffi-1.14.0 chardet-3.0.4 click-7.1.1 cookiecutter-1.7.0 cryptography-2.8 docutils-0.15.2 fsspec-0.7.0 future-0.18.2 google-api-core-1.16.0 google-auth-1.12.0 google-auth-oauthlib-0.4.1 google-cloud-bigquery-1.24.0 google-cloud-core-1.3.0 google-resumable-media-0.5.0 googleapis-common-protos-1.51.0 idna-2.9 jinja2-2.11.1 jinja2-time-0.2.0 jmespath-0.9.5 kedro-0.15.8 mock-4.0.2 numexpr-2.7.1 numpy-1.18.2 oauthlib-3.1.0 pandas-0.25.3 pandas-gbq-0.13.1 pip-tools-4.5.1 poyo-0.5.0 protobuf-3.11.3 pyarrow-0.16.0 pyasn1-0.4.8 pyasn1-modules-0.2.8 pycparser-2.20 pydata-google-auth-0.3.0 python-dateutil-2.8.1 python-json-logger-0.1.11 pytz-2019.3 requests-2.23.0 requests-oauthlib-1.3.0 rsa-4.0 s3fs-0.4.1 six-1.14.0 tables-3.5.2 toposort-1.5 urllib3-1.25.8 whichcraft-0.6.1 xlrd-1.2.0 xlsxwriter-1.2.8
