Traceback (most recent call last):
  File "/usr/local/lib/python3.7/site-packages/kedro/cli/cli.py", line 594, in load_entry_points
    entry_point_commands.append(entry_point.load())
  File "/usr/local/lib/python3.7/site-packages/pkg_resources/__init__.py", line 2445, in load
    self.require(*args, **kwargs)
  File "/usr/local/lib/python3.7/site-packages/pkg_resources/__init__.py", line 2468, in require
    items = working_set.resolve(reqs, env, installer, extras=self.extras)
  File "/usr/local/lib/python3.7/site-packages/pkg_resources/__init__.py", line 792, in resolve
    raise VersionConflict(dist, req).with_context(dependent_req)
pkg_resources.VersionConflict: (python-dateutil 2.8.1 (/usr/local/lib/python3.7/site-packages), Requirement.parse('python-dateutil==2.8.0'))
Error: Loading global commands from kedro-viz = kedro_viz.server:commands
/usr/local/bin/python -m flake8 --max-line-length=88 src/tests src/default_kedro_157
/usr/local/bin/python -m isort -rc -tc -up -fgw=0 -m=3 -w=88 src/tests src/default_kedro_157
2020-03-29 16:11:53,346 - blib2to3.pgen2.driver - INFO - Generating grammar tables from /usr/local/lib/python3.7/site-packages/blib2to3/Grammar.txt
2020-03-29 16:11:53,378 - blib2to3.pgen2.driver - INFO - Writing grammar tables to /github/home/.cache/black/19.10b0/Grammar3.7.7.final.0.pickle
2020-03-29 16:11:53,378 - blib2to3.pgen2.driver - INFO - Writing failed: [Errno 2] No such file or directory: '/github/home/.cache/black/19.10b0/tmp19hns2zm'
2020-03-29 16:11:53,379 - blib2to3.pgen2.driver - INFO - Generating grammar tables from /usr/local/lib/python3.7/site-packages/blib2to3/PatternGrammar.txt
2020-03-29 16:11:53,381 - blib2to3.pgen2.driver - INFO - Writing grammar tables to /github/home/.cache/black/19.10b0/PatternGrammar3.7.7.final.0.pickle
2020-03-29 16:11:53,381 - blib2to3.pgen2.driver - INFO - Writing failed: [Errno 2] No such file or directory: '/github/home/.cache/black/19.10b0/tmp3c99_u8m'
reformatted /github/workspace/src/default_kedro_157/pipelines/data_science/pipeline.py
All done! ✨ 🍰 ✨
1 file reformatted, 12 files left unchanged.
/usr/local/bin/python -m black src/tests src/default_kedro_157
