WARNING: The directory '/github/home/.cache/pip' or its parent directory is not owned or is not writable by the current user. The cache has been disabled. Check the permissions and owner of that directory. If executing pip with sudo, you may want sudo's -H flag.
Collecting ipython<8.0,>=7.0.0
  Downloading ipython-7.13.0-py3-none-any.whl (780 kB)
Collecting jupyter<2.0,>=1.0.0
  Downloading jupyter-1.0.0-py2.py3-none-any.whl (2.7 kB)
Collecting jupyter_client<6.0,>=5.1.0
  Downloading jupyter_client-5.3.4-py2.py3-none-any.whl (92 kB)
Collecting jupyterlab==0.31.1
  Downloading jupyterlab-0.31.1-py2.py3-none-any.whl (11.6 MB)
Collecting kedro==0.15.7
  Downloading kedro-0.15.7-py3-none-any.whl (12.5 MB)
Collecting kedro-viz<4.0,>=3.1.0
  Downloading kedro_viz-3.2.0-py3-none-any.whl (1.6 MB)
Collecting nbstripout==0.3.3
  Downloading nbstripout-0.3.3-py2.py3-none-any.whl (11 kB)
Collecting pytest-cov<3.0,>=2.5
  Downloading pytest_cov-2.8.1-py2.py3-none-any.whl (18 kB)
Collecting pytest-mock<2.0,>=1.7.1
  Downloading pytest_mock-1.13.0-py2.py3-none-any.whl (10 kB)
Collecting pytest<4.0,>=3.4
  Downloading pytest-3.10.1-py2.py3-none-any.whl (216 kB)
Collecting wheel==0.32.2
  Downloading wheel-0.32.2-py2.py3-none-any.whl (21 kB)
Collecting flake8
  Downloading flake8-3.7.9-py2.py3-none-any.whl (69 kB)
Collecting isort
  Downloading isort-4.3.21-py2.py3-none-any.whl (42 kB)
Collecting black
  Downloading black-19.10b0-py36-none-any.whl (97 kB)
Collecting pickleshare
  Downloading pickleshare-0.7.5-py2.py3-none-any.whl (6.9 kB)
Collecting pygments
  Downloading Pygments-2.6.1-py3-none-any.whl (914 kB)
Collecting pexpect; sys_platform != "win32"
  Downloading pexpect-4.8.0-py2.py3-none-any.whl (59 kB)
Collecting jedi>=0.10
  Downloading jedi-0.16.0-py2.py3-none-any.whl (1.1 MB)
Collecting prompt-toolkit!=3.0.0,!=3.0.1,<3.1.0,>=2.0.0
  Downloading prompt_toolkit-3.0.5-py3-none-any.whl (351 kB)
Collecting backcall
  Downloading backcall-0.1.0.tar.gz (9.7 kB)
Collecting decorator
  Downloading decorator-4.4.2-py2.py3-none-any.whl (9.2 kB)
Requirement already satisfied, skipping upgrade: setuptools>=18.5 in /usr/local/lib/python3.7/site-packages (from ipython<8.0,>=7.0.0->-r src/requirements.txt (line 1)) (46.0.0)
Collecting traitlets>=4.2
  Downloading traitlets-4.3.3-py2.py3-none-any.whl (75 kB)
Collecting ipykernel
  Downloading ipykernel-5.2.0-py3-none-any.whl (117 kB)
Collecting jupyter-console
  Downloading jupyter_console-6.1.0-py2.py3-none-any.whl (21 kB)
Collecting notebook
  Downloading notebook-6.0.3-py3-none-any.whl (9.7 MB)
Collecting ipywidgets
  Downloading ipywidgets-7.5.1-py2.py3-none-any.whl (121 kB)
Collecting nbconvert
  Downloading nbconvert-5.6.1-py2.py3-none-any.whl (455 kB)
Collecting qtconsole
  Downloading qtconsole-4.7.2-py2.py3-none-any.whl (117 kB)
Collecting pyzmq>=13
  Downloading pyzmq-19.0.0-cp37-cp37m-manylinux1_x86_64.whl (1.1 MB)
Requirement already satisfied, skipping upgrade: python-dateutil>=2.1 in /usr/local/lib/python3.7/site-packages (from jupyter_client<6.0,>=5.1.0->-r src/requirements.txt (line 3)) (2.8.1)
Collecting tornado>=4.1
  Downloading tornado-6.0.4.tar.gz (496 kB)
Collecting jupyter-core>=4.6.0
  Downloading jupyter_core-4.6.3-py2.py3-none-any.whl (83 kB)
Collecting jupyterlab-launcher<0.11.0,>=0.10.0
  Downloading jupyterlab_launcher-0.10.5-py2.py3-none-any.whl (17 kB)
Collecting ipython-genutils
  Downloading ipython_genutils-0.2.0-py2.py3-none-any.whl (26 kB)
Requirement already satisfied, skipping upgrade: PyYAML<6.0,>=4.2 in /usr/local/lib/python3.7/site-packages (from kedro==0.15.7->-r src/requirements.txt (line 5)) (5.3.1)
Requirement already satisfied, skipping upgrade: anyconfig<1.0,>=0.9.7 in /usr/local/lib/python3.7/site-packages (from kedro==0.15.7->-r src/requirements.txt (line 5)) (0.9.10)
Requirement already satisfied, skipping upgrade: pandas<1.0,>=0.24.0 in /usr/local/lib/python3.7/site-packages (from kedro==0.15.7->-r src/requirements.txt (line 5)) (0.25.3)
Requirement already satisfied, skipping upgrade: requests<3.0,>=2.20.0 in /usr/local/lib/python3.7/site-packages (from kedro==0.15.7->-r src/requirements.txt (line 5)) (2.23.0)
Requirement already satisfied, skipping upgrade: xlsxwriter<2.0,>=1.0.0 in /usr/local/lib/python3.7/site-packages (from kedro==0.15.7->-r src/requirements.txt (line 5)) (1.2.8)
Requirement already satisfied, skipping upgrade: tables<3.6,>=3.4.4 in /usr/local/lib/python3.7/site-packages (from kedro==0.15.7->-r src/requirements.txt (line 5)) (3.5.2)
Requirement already satisfied, skipping upgrade: toposort<2.0,>=1.5 in /usr/local/lib/python3.7/site-packages (from kedro==0.15.7->-r src/requirements.txt (line 5)) (1.5)
Requirement already satisfied, skipping upgrade: pyarrow<1.0.0,>=0.12.0 in /usr/local/lib/python3.7/site-packages (from kedro==0.15.7->-r src/requirements.txt (line 5)) (0.16.0)
Requirement already satisfied, skipping upgrade: python-json-logger<1.0,>=0.1.9 in /usr/local/lib/python3.7/site-packages (from kedro==0.15.7->-r src/requirements.txt (line 5)) (0.1.11)
Requirement already satisfied, skipping upgrade: s3fs<1.0,>=0.3.0 in /usr/local/lib/python3.7/site-packages (from kedro==0.15.7->-r src/requirements.txt (line 5)) (0.4.1)
Requirement already satisfied, skipping upgrade: fsspec<1.0,>=0.5.1 in /usr/local/lib/python3.7/site-packages (from kedro==0.15.7->-r src/requirements.txt (line 5)) (0.7.0)
Requirement already satisfied, skipping upgrade: click<8.0 in /usr/local/lib/python3.7/site-packages (from kedro==0.15.7->-r src/requirements.txt (line 5)) (7.1.1)
Requirement already satisfied, skipping upgrade: cookiecutter<2.0,>=1.6.0 in /usr/local/lib/python3.7/site-packages (from kedro==0.15.7->-r src/requirements.txt (line 5)) (1.7.0)
Requirement already satisfied, skipping upgrade: SQLAlchemy<2.0,>=1.2.0 in /usr/local/lib/python3.7/site-packages (from kedro==0.15.7->-r src/requirements.txt (line 5)) (1.3.15)
Requirement already satisfied, skipping upgrade: xlrd<2.0,>=1.0.0 in /usr/local/lib/python3.7/site-packages (from kedro==0.15.7->-r src/requirements.txt (line 5)) (1.2.0)
Requirement already satisfied, skipping upgrade: pip-tools<5.0.0,>=4.0.0 in /usr/local/lib/python3.7/site-packages (from kedro==0.15.7->-r src/requirements.txt (line 5)) (4.5.1)
Collecting semver<3.0.0,>=2.0.0
  Downloading semver-2.9.1-py2.py3-none-any.whl (9.8 kB)
Collecting Flask<2.0,>=1.0
  Downloading Flask-1.1.1-py2.py3-none-any.whl (94 kB)
Collecting nbformat
  Downloading nbformat-5.0.4-py3-none-any.whl (169 kB)
Collecting coverage>=4.4
  Downloading coverage-5.0.4-cp37-cp37m-manylinux1_x86_64.whl (227 kB)
Collecting atomicwrites>=1.0
  Downloading atomicwrites-1.3.0-py2.py3-none-any.whl (5.9 kB)
Collecting more-itertools>=4.0.0
  Downloading more_itertools-8.2.0-py3-none-any.whl (43 kB)
Requirement already satisfied, skipping upgrade: six>=1.10.0 in /usr/local/lib/python3.7/site-packages (from pytest<4.0,>=3.4->-r src/requirements.txt (line 10)) (1.14.0)
Collecting attrs>=17.4.0
  Downloading attrs-19.3.0-py2.py3-none-any.whl (39 kB)
Collecting py>=1.5.0
  Downloading py-1.8.1-py2.py3-none-any.whl (83 kB)
Collecting pluggy>=0.7
  Downloading pluggy-0.13.1-py2.py3-none-any.whl (18 kB)
Collecting pyflakes<2.2.0,>=2.1.0
  Downloading pyflakes-2.1.1-py2.py3-none-any.whl (59 kB)
Collecting pycodestyle<2.6.0,>=2.5.0
  Downloading pycodestyle-2.5.0-py2.py3-none-any.whl (51 kB)
Collecting mccabe<0.7.0,>=0.6.0
  Downloading mccabe-0.6.1-py2.py3-none-any.whl (8.6 kB)
Collecting entrypoints<0.4.0,>=0.3.0
  Downloading entrypoints-0.3-py2.py3-none-any.whl (11 kB)
Collecting typed-ast>=1.4.0
  Downloading typed_ast-1.4.1-cp37-cp37m-manylinux1_x86_64.whl (737 kB)
Collecting toml>=0.9.4
  Downloading toml-0.10.0-py2.py3-none-any.whl (25 kB)
Collecting appdirs
  Downloading appdirs-1.4.3-py2.py3-none-any.whl (12 kB)
Collecting pathspec<1,>=0.6
  Downloading pathspec-0.7.0-py2.py3-none-any.whl (25 kB)
Collecting regex
  Downloading regex-2020.2.20-cp37-cp37m-manylinux2010_x86_64.whl (689 kB)
Collecting ptyprocess>=0.5
  Downloading ptyprocess-0.6.0-py2.py3-none-any.whl (39 kB)
Collecting parso>=0.5.2
  Downloading parso-0.6.2-py2.py3-none-any.whl (97 kB)
Collecting wcwidth
  Downloading wcwidth-0.1.9-py2.py3-none-any.whl (19 kB)
Requirement already satisfied, skipping upgrade: jinja2 in /usr/local/lib/python3.7/site-packages (from notebook->jupyter<2.0,>=1.0.0->-r src/requirements.txt (line 2)) (2.11.1)
Collecting prometheus-client
  Downloading prometheus_client-0.7.1.tar.gz (38 kB)
Collecting terminado>=0.8.1
  Downloading terminado-0.8.3-py2.py3-none-any.whl (33 kB)
Collecting Send2Trash
  Downloading Send2Trash-1.5.0-py3-none-any.whl (12 kB)
Collecting widgetsnbextension~=3.5.0
  Downloading widgetsnbextension-3.5.1-py2.py3-none-any.whl (2.2 MB)
Collecting testpath
  Downloading testpath-0.4.4-py2.py3-none-any.whl (163 kB)
Collecting pandocfilters>=1.4.1
  Downloading pandocfilters-1.4.2.tar.gz (14 kB)
Collecting bleach
  Downloading bleach-3.1.4-py2.py3-none-any.whl (151 kB)
Collecting mistune<2,>=0.8.1
  Downloading mistune-0.8.4-py2.py3-none-any.whl (16 kB)
Collecting defusedxml
  Downloading defusedxml-0.6.0-py2.py3-none-any.whl (23 kB)
Collecting qtpy
  Downloading QtPy-1.9.0-py2.py3-none-any.whl (54 kB)
Collecting jsonschema>=2.6.0
  Downloading jsonschema-3.2.0-py2.py3-none-any.whl (56 kB)
Requirement already satisfied, skipping upgrade: numpy>=1.13.3 in /usr/local/lib/python3.7/site-packages (from pandas<1.0,>=0.24.0->kedro==0.15.7->-r src/requirements.txt (line 5)) (1.18.2)
Requirement already satisfied, skipping upgrade: pytz>=2017.2 in /usr/local/lib/python3.7/site-packages (from pandas<1.0,>=0.24.0->kedro==0.15.7->-r src/requirements.txt (line 5)) (2019.3)
Requirement already satisfied, skipping upgrade: idna<3,>=2.5 in /usr/local/lib/python3.7/site-packages (from requests<3.0,>=2.20.0->kedro==0.15.7->-r src/requirements.txt (line 5)) (2.9)
Requirement already satisfied, skipping upgrade: certifi>=2017.4.17 in /usr/local/lib/python3.7/site-packages (from requests<3.0,>=2.20.0->kedro==0.15.7->-r src/requirements.txt (line 5)) (2019.11.28)
Requirement already satisfied, skipping upgrade: urllib3!=1.25.0,!=1.25.1,<1.26,>=1.21.1 in /usr/local/lib/python3.7/site-packages (from requests<3.0,>=2.20.0->kedro==0.15.7->-r src/requirements.txt (line 5)) (1.25.8)
Requirement already satisfied, skipping upgrade: chardet<4,>=3.0.2 in /usr/local/lib/python3.7/site-packages (from requests<3.0,>=2.20.0->kedro==0.15.7->-r src/requirements.txt (line 5)) (3.0.4)
Requirement already satisfied, skipping upgrade: numexpr>=2.6.2 in /usr/local/lib/python3.7/site-packages (from tables<3.6,>=3.4.4->kedro==0.15.7->-r src/requirements.txt (line 5)) (2.7.1)
Requirement already satisfied, skipping upgrade: mock>=2.0 in /usr/local/lib/python3.7/site-packages (from tables<3.6,>=3.4.4->kedro==0.15.7->-r src/requirements.txt (line 5)) (4.0.2)
Requirement already satisfied, skipping upgrade: botocore>=1.12.91 in /usr/local/lib/python3.7/site-packages (from s3fs<1.0,>=0.3.0->kedro==0.15.7->-r src/requirements.txt (line 5)) (1.15.31)
Requirement already satisfied, skipping upgrade: poyo>=0.1.0 in /usr/local/lib/python3.7/site-packages (from cookiecutter<2.0,>=1.6.0->kedro==0.15.7->-r src/requirements.txt (line 5)) (0.5.0)
Requirement already satisfied, skipping upgrade: jinja2-time>=0.1.0 in /usr/local/lib/python3.7/site-packages (from cookiecutter<2.0,>=1.6.0->kedro==0.15.7->-r src/requirements.txt (line 5)) (0.2.0)
Requirement already satisfied, skipping upgrade: future>=0.15.2 in /usr/local/lib/python3.7/site-packages (from cookiecutter<2.0,>=1.6.0->kedro==0.15.7->-r src/requirements.txt (line 5)) (0.18.2)
Requirement already satisfied, skipping upgrade: binaryornot>=0.2.0 in /usr/local/lib/python3.7/site-packages (from cookiecutter<2.0,>=1.6.0->kedro==0.15.7->-r src/requirements.txt (line 5)) (0.4.4)
Requirement already satisfied, skipping upgrade: whichcraft>=0.4.0 in /usr/local/lib/python3.7/site-packages (from cookiecutter<2.0,>=1.6.0->kedro==0.15.7->-r src/requirements.txt (line 5)) (0.6.1)
Collecting Werkzeug>=0.15
  Downloading Werkzeug-1.0.0-py2.py3-none-any.whl (298 kB)
Collecting itsdangerous>=0.24
  Downloading itsdangerous-1.1.0-py2.py3-none-any.whl (16 kB)
Collecting importlib-metadata>=0.12; python_version < "3.8"
  Downloading importlib_metadata-1.6.0-py2.py3-none-any.whl (30 kB)
Requirement already satisfied, skipping upgrade: MarkupSafe>=0.23 in /usr/local/lib/python3.7/site-packages (from jinja2->notebook->jupyter<2.0,>=1.0.0->-r src/requirements.txt (line 2)) (1.1.1)
Collecting webencodings
  Downloading webencodings-0.5.1-py2.py3-none-any.whl (11 kB)
Collecting pyrsistent>=0.14.0
  Downloading pyrsistent-0.16.0.tar.gz (108 kB)
Requirement already satisfied, skipping upgrade: jmespath<1.0.0,>=0.7.1 in /usr/local/lib/python3.7/site-packages (from botocore>=1.12.91->s3fs<1.0,>=0.3.0->kedro==0.15.7->-r src/requirements.txt (line 5)) (0.9.5)
Requirement already satisfied, skipping upgrade: docutils<0.16,>=0.10 in /usr/local/lib/python3.7/site-packages (from botocore>=1.12.91->s3fs<1.0,>=0.3.0->kedro==0.15.7->-r src/requirements.txt (line 5)) (0.15.2)
Requirement already satisfied, skipping upgrade: arrow in /usr/local/lib/python3.7/site-packages (from jinja2-time>=0.1.0->cookiecutter<2.0,>=1.6.0->kedro==0.15.7->-r src/requirements.txt (line 5)) (0.15.5)
Collecting zipp>=0.5
  Downloading zipp-3.1.0-py3-none-any.whl (4.9 kB)
Building wheels for collected packages: backcall, tornado, prometheus-client, pandocfilters, pyrsistent
  Building wheel for backcall (setup.py): started
  Building wheel for backcall (setup.py): finished with status 'done'
  Created wheel for backcall: filename=backcall-0.1.0-py3-none-any.whl size=10413 sha256=6e240da82480b55ab08fbaa2ae011c0d7c2c04e8eabc0e69e557127c8b31fad9
  Stored in directory: /tmp/pip-ephem-wheel-cache-fhhebucb/wheels/9e/56/4f/da13e448a8a5b8671b2954600d5355cf36e557c7aa5020139b
  Building wheel for tornado (setup.py): started
  Building wheel for tornado (setup.py): finished with status 'done'
  Created wheel for tornado: filename=tornado-6.0.4-cp37-cp37m-linux_x86_64.whl size=428921 sha256=81ad96c6524a8dc79ae18424797bfafb24a98eafe7b5e285e735cba9d7b8f42b
  Stored in directory: /tmp/pip-ephem-wheel-cache-fhhebucb/wheels/7d/14/fa/d88fb5da77d813ea0ffca38a2ab2a052874e9e1142bad0b348
  Building wheel for prometheus-client (setup.py): started
  Building wheel for prometheus-client (setup.py): finished with status 'done'
  Created wheel for prometheus-client: filename=prometheus_client-0.7.1-py3-none-any.whl size=41404 sha256=1b93447ad0b34171b7d4724bc52dcaf6cb32d53efbeb9518063217cadb5889b2
  Stored in directory: /tmp/pip-ephem-wheel-cache-fhhebucb/wheels/30/0c/26/59ba285bf65dc79d195e9b25e2ddde4c61070422729b0cd914
  Building wheel for pandocfilters (setup.py): started
  Building wheel for pandocfilters (setup.py): finished with status 'done'
  Created wheel for pandocfilters: filename=pandocfilters-1.4.2-py3-none-any.whl size=7856 sha256=21dfb78ecd16e2760d282884eae2039d20c925a123b34fa7e34cf6e9be3c8473
  Stored in directory: /tmp/pip-ephem-wheel-cache-fhhebucb/wheels/63/99/01/9fe785b86d1e091a6b2a61e06ddb3d8eb1bc9acae5933d4740
  Building wheel for pyrsistent (setup.py): started
  Building wheel for pyrsistent (setup.py): finished with status 'done'
  Created wheel for pyrsistent: filename=pyrsistent-0.16.0-cp37-cp37m-linux_x86_64.whl size=124344 sha256=87d590f856e70993f86e0c8c6c97ee3fc455617e0808a030ab932ac64d9d400c
  Stored in directory: /tmp/pip-ephem-wheel-cache-fhhebucb/wheels/22/52/11/f0920f95c23ed7d2d0b05f2b7b2f4509e87a20cfe8ea43d987
Successfully built backcall tornado prometheus-client pandocfilters pyrsistent
ERROR: kedro-viz 3.2.0 has requirement python-dateutil==2.8.0, but you'll have python-dateutil 2.8.1 which is incompatible.
Installing collected packages: pickleshare, pygments, ptyprocess, pexpect, parso, jedi, wcwidth, prompt-toolkit, backcall, decorator, ipython-genutils, traitlets, ipython, tornado, pyzmq, jupyter-core, jupyter-client, ipykernel, jupyter-console, zipp, importlib-metadata, pyrsistent, attrs, jsonschema, nbformat, prometheus-client, terminado, Send2Trash, testpath, pandocfilters, entrypoints, webencodings, bleach, mistune, defusedxml, nbconvert, notebook, widgetsnbextension, ipywidgets, qtpy, qtconsole, jupyter, jupyterlab-launcher, jupyterlab, kedro, semver, Werkzeug, itsdangerous, Flask, kedro-viz, nbstripout, coverage, atomicwrites, more-itertools, py, pluggy, pytest, pytest-cov, pytest-mock, wheel, pyflakes, pycodestyle, mccabe, flake8, isort, typed-ast, toml, appdirs, pathspec, regex, black
  Attempting uninstall: kedro
    Found existing installation: kedro 0.15.8
    Uninstalling kedro-0.15.8:
      Successfully uninstalled kedro-0.15.8
  Attempting uninstall: wheel
    Found existing installation: wheel 0.34.2
    Uninstalling wheel-0.34.2:
      Successfully uninstalled wheel-0.34.2
Successfully installed Flask-1.1.1 Send2Trash-1.5.0 Werkzeug-1.0.0 appdirs-1.4.3 atomicwrites-1.3.0 attrs-19.3.0 backcall-0.1.0 black-19.10b0 bleach-3.1.4 coverage-5.0.4 decorator-4.4.2 defusedxml-0.6.0 entrypoints-0.3 flake8-3.7.9 importlib-metadata-1.6.0 ipykernel-5.2.0 ipython-7.13.0 ipython-genutils-0.2.0 ipywidgets-7.5.1 isort-4.3.21 itsdangerous-1.1.0 jedi-0.16.0 jsonschema-3.2.0 jupyter-1.0.0 jupyter-client-5.3.4 jupyter-console-6.1.0 jupyter-core-4.6.3 jupyterlab-0.31.1 jupyterlab-launcher-0.10.5 kedro-0.15.7 kedro-viz-3.2.0 mccabe-0.6.1 mistune-0.8.4 more-itertools-8.2.0 nbconvert-5.6.1 nbformat-5.0.4 nbstripout-0.3.3 notebook-6.0.3 pandocfilters-1.4.2 parso-0.6.2 pathspec-0.7.0 pexpect-4.8.0 pickleshare-0.7.5 pluggy-0.13.1 prometheus-client-0.7.1 prompt-toolkit-3.0.5 ptyprocess-0.6.0 py-1.8.1 pycodestyle-2.5.0 pyflakes-2.1.1 pygments-2.6.1 pyrsistent-0.16.0 pytest-3.10.1 pytest-cov-2.8.1 pytest-mock-1.13.0 pyzmq-19.0.0 qtconsole-4.7.2 qtpy-1.9.0 regex-2020.2.20 semver-2.9.1 terminado-0.8.3 testpath-0.4.4 toml-0.10.0 tornado-6.0.4 traitlets-4.3.3 typed-ast-1.4.1 wcwidth-0.1.9 webencodings-0.5.1 wheel-0.32.2 widgetsnbextension-3.5.1 zipp-3.1.0
/usr/local/bin/python -m pip install -U -r src/requirements.txt
