Requirement already satisfied: kedro-viz in /usr/local/lib/python3.7/site-packages (3.2.0)
Requirement already satisfied: ipython<8.0,>=7.0.0 in /usr/local/lib/python3.7/site-packages (from kedro-viz) (7.13.0)
Requirement already satisfied: Flask<2.0,>=1.0 in /usr/local/lib/python3.7/site-packages (from kedro-viz) (1.1.1)
Requirement already satisfied: kedro>=0.14.0 in /usr/local/lib/python3.7/site-packages (from kedro-viz) (0.15.7)
Requirement already satisfied: semver<3.0.0,>=2.0.0 in /usr/local/lib/python3.7/site-packages (from kedro-viz) (2.9.1)
Collecting python-dateutil==2.8.0
  Downloading python_dateutil-2.8.0-py2.py3-none-any.whl (226 kB)
Requirement already satisfied: traitlets>=4.2 in /usr/local/lib/python3.7/site-packages (from ipython<8.0,>=7.0.0->kedro-viz) (4.3.3)
Requirement already satisfied: decorator in /usr/local/lib/python3.7/site-packages (from ipython<8.0,>=7.0.0->kedro-viz) (4.4.2)
Requirement already satisfied: pexpect; sys_platform != "win32" in /usr/local/lib/python3.7/site-packages (from ipython<8.0,>=7.0.0->kedro-viz) (4.8.0)
Requirement already satisfied: pygments in /usr/local/lib/python3.7/site-packages (from ipython<8.0,>=7.0.0->kedro-viz) (2.6.1)
Requirement already satisfied: backcall in /usr/local/lib/python3.7/site-packages (from ipython<8.0,>=7.0.0->kedro-viz) (0.1.0)
Requirement already satisfied: jedi>=0.10 in /usr/local/lib/python3.7/site-packages (from ipython<8.0,>=7.0.0->kedro-viz) (0.16.0)
Requirement already satisfied: prompt-toolkit!=3.0.0,!=3.0.1,<3.1.0,>=2.0.0 in /usr/local/lib/python3.7/site-packages (from ipython<8.0,>=7.0.0->kedro-viz) (3.0.5)
Requirement already satisfied: setuptools>=18.5 in /usr/local/lib/python3.7/site-packages (from ipython<8.0,>=7.0.0->kedro-viz) (46.0.0)
Requirement already satisfied: pickleshare in /usr/local/lib/python3.7/site-packages (from ipython<8.0,>=7.0.0->kedro-viz) (0.7.5)
Requirement already satisfied: Jinja2>=2.10.1 in /usr/local/lib/python3.7/site-packages (from Flask<2.0,>=1.0->kedro-viz) (2.11.1)
Requirement already satisfied: itsdangerous>=0.24 in /usr/local/lib/python3.7/site-packages (from Flask<2.0,>=1.0->kedro-viz) (1.1.0)
Requirement already satisfied: click>=5.1 in /usr/local/lib/python3.7/site-packages (from Flask<2.0,>=1.0->kedro-viz) (7.1.1)
Requirement already satisfied: Werkzeug>=0.15 in /usr/local/lib/python3.7/site-packages (from Flask<2.0,>=1.0->kedro-viz) (1.0.0)
Requirement already satisfied: fsspec<1.0,>=0.5.1 in /usr/local/lib/python3.7/site-packages (from kedro>=0.14.0->kedro-viz) (0.7.0)
Requirement already satisfied: cookiecutter<2.0,>=1.6.0 in /usr/local/lib/python3.7/site-packages (from kedro>=0.14.0->kedro-viz) (1.7.0)
Requirement already satisfied: python-json-logger<1.0,>=0.1.9 in /usr/local/lib/python3.7/site-packages (from kedro>=0.14.0->kedro-viz) (0.1.11)
Requirement already satisfied: toposort<2.0,>=1.5 in /usr/local/lib/python3.7/site-packages (from kedro>=0.14.0->kedro-viz) (1.5)
Requirement already satisfied: PyYAML<6.0,>=4.2 in /usr/local/lib/python3.7/site-packages (from kedro>=0.14.0->kedro-viz) (5.3.1)
Requirement already satisfied: pip-tools<5.0.0,>=4.0.0 in /usr/local/lib/python3.7/site-packages (from kedro>=0.14.0->kedro-viz) (4.5.1)
Requirement already satisfied: s3fs<1.0,>=0.3.0 in /usr/local/lib/python3.7/site-packages (from kedro>=0.14.0->kedro-viz) (0.4.1)
Requirement already satisfied: xlrd<2.0,>=1.0.0 in /usr/local/lib/python3.7/site-packages (from kedro>=0.14.0->kedro-viz) (1.2.0)
Requirement already satisfied: pyarrow<1.0.0,>=0.12.0 in /usr/local/lib/python3.7/site-packages (from kedro>=0.14.0->kedro-viz) (0.16.0)
Requirement already satisfied: xlsxwriter<2.0,>=1.0.0 in /usr/local/lib/python3.7/site-packages (from kedro>=0.14.0->kedro-viz) (1.2.8)
Requirement already satisfied: anyconfig<1.0,>=0.9.7 in /usr/local/lib/python3.7/site-packages (from kedro>=0.14.0->kedro-viz) (0.9.10)
Requirement already satisfied: pandas<1.0,>=0.24.0 in /usr/local/lib/python3.7/site-packages (from kedro>=0.14.0->kedro-viz) (0.25.3)
Requirement already satisfied: tables<3.6,>=3.4.4 in /usr/local/lib/python3.7/site-packages (from kedro>=0.14.0->kedro-viz) (3.5.2)
Requirement already satisfied: SQLAlchemy<2.0,>=1.2.0 in /usr/local/lib/python3.7/site-packages (from kedro>=0.14.0->kedro-viz) (1.3.15)
Requirement already satisfied: requests<3.0,>=2.20.0 in /usr/local/lib/python3.7/site-packages (from kedro>=0.14.0->kedro-viz) (2.23.0)
Requirement already satisfied: six>=1.5 in /usr/local/lib/python3.7/site-packages (from python-dateutil==2.8.0->kedro-viz) (1.14.0)
Requirement already satisfied: ipython-genutils in /usr/local/lib/python3.7/site-packages (from traitlets>=4.2->ipython<8.0,>=7.0.0->kedro-viz) (0.2.0)
Requirement already satisfied: ptyprocess>=0.5 in /usr/local/lib/python3.7/site-packages (from pexpect; sys_platform != "win32"->ipython<8.0,>=7.0.0->kedro-viz) (0.6.0)
Requirement already satisfied: parso>=0.5.2 in /usr/local/lib/python3.7/site-packages (from jedi>=0.10->ipython<8.0,>=7.0.0->kedro-viz) (0.6.2)
Requirement already satisfied: wcwidth in /usr/local/lib/python3.7/site-packages (from prompt-toolkit!=3.0.0,!=3.0.1,<3.1.0,>=2.0.0->ipython<8.0,>=7.0.0->kedro-viz) (0.1.9)
Requirement already satisfied: MarkupSafe>=0.23 in /usr/local/lib/python3.7/site-packages (from Jinja2>=2.10.1->Flask<2.0,>=1.0->kedro-viz) (1.1.1)
Requirement already satisfied: jinja2-time>=0.1.0 in /usr/local/lib/python3.7/site-packages (from cookiecutter<2.0,>=1.6.0->kedro>=0.14.0->kedro-viz) (0.2.0)
Requirement already satisfied: future>=0.15.2 in /usr/local/lib/python3.7/site-packages (from cookiecutter<2.0,>=1.6.0->kedro>=0.14.0->kedro-viz) (0.18.2)
Requirement already satisfied: binaryornot>=0.2.0 in /usr/local/lib/python3.7/site-packages (from cookiecutter<2.0,>=1.6.0->kedro>=0.14.0->kedro-viz) (0.4.4)
Requirement already satisfied: whichcraft>=0.4.0 in /usr/local/lib/python3.7/site-packages (from cookiecutter<2.0,>=1.6.0->kedro>=0.14.0->kedro-viz) (0.6.1)
Requirement already satisfied: poyo>=0.1.0 in /usr/local/lib/python3.7/site-packages (from cookiecutter<2.0,>=1.6.0->kedro>=0.14.0->kedro-viz) (0.5.0)
Requirement already satisfied: botocore>=1.12.91 in /usr/local/lib/python3.7/site-packages (from s3fs<1.0,>=0.3.0->kedro>=0.14.0->kedro-viz) (1.15.31)
Requirement already satisfied: numpy>=1.14 in /usr/local/lib/python3.7/site-packages (from pyarrow<1.0.0,>=0.12.0->kedro>=0.14.0->kedro-viz) (1.18.2)
Requirement already satisfied: pytz>=2017.2 in /usr/local/lib/python3.7/site-packages (from pandas<1.0,>=0.24.0->kedro>=0.14.0->kedro-viz) (2019.3)
Requirement already satisfied: mock>=2.0 in /usr/local/lib/python3.7/site-packages (from tables<3.6,>=3.4.4->kedro>=0.14.0->kedro-viz) (4.0.2)
Requirement already satisfied: numexpr>=2.6.2 in /usr/local/lib/python3.7/site-packages (from tables<3.6,>=3.4.4->kedro>=0.14.0->kedro-viz) (2.7.1)
Requirement already satisfied: chardet<4,>=3.0.2 in /usr/local/lib/python3.7/site-packages (from requests<3.0,>=2.20.0->kedro>=0.14.0->kedro-viz) (3.0.4)
Requirement already satisfied: urllib3!=1.25.0,!=1.25.1,<1.26,>=1.21.1 in /usr/local/lib/python3.7/site-packages (from requests<3.0,>=2.20.0->kedro>=0.14.0->kedro-viz) (1.25.8)
Requirement already satisfied: idna<3,>=2.5 in /usr/local/lib/python3.7/site-packages (from requests<3.0,>=2.20.0->kedro>=0.14.0->kedro-viz) (2.9)
Requirement already satisfied: certifi>=2017.4.17 in /usr/local/lib/python3.7/site-packages (from requests<3.0,>=2.20.0->kedro>=0.14.0->kedro-viz) (2019.11.28)
Requirement already satisfied: arrow in /usr/local/lib/python3.7/site-packages (from jinja2-time>=0.1.0->cookiecutter<2.0,>=1.6.0->kedro>=0.14.0->kedro-viz) (0.15.5)
Requirement already satisfied: docutils<0.16,>=0.10 in /usr/local/lib/python3.7/site-packages (from botocore>=1.12.91->s3fs<1.0,>=0.3.0->kedro>=0.14.0->kedro-viz) (0.15.2)
Requirement already satisfied: jmespath<1.0.0,>=0.7.1 in /usr/local/lib/python3.7/site-packages (from botocore>=1.12.91->s3fs<1.0,>=0.3.0->kedro>=0.14.0->kedro-viz) (0.9.5)
Installing collected packages: python-dateutil
  Attempting uninstall: python-dateutil
    Found existing installation: python-dateutil 2.8.1
    Uninstalling python-dateutil-2.8.1:
      Successfully uninstalled python-dateutil-2.8.1
Successfully installed python-dateutil-2.8.0
Collecting kedro-static-viz
  Downloading kedro_static_viz-0.1.2-py3-none-any.whl (427 kB)
Requirement already satisfied: kedro-viz in /usr/local/lib/python3.7/site-packages (from kedro-static-viz) (3.2.0)
Requirement already satisfied: kedro in /usr/local/lib/python3.7/site-packages (from kedro-static-viz) (0.15.7)
Requirement already satisfied: click in /usr/local/lib/python3.7/site-packages (from kedro-static-viz) (7.1.1)
Requirement already satisfied: ipython<8.0,>=7.0.0 in /usr/local/lib/python3.7/site-packages (from kedro-viz->kedro-static-viz) (7.13.0)
Requirement already satisfied: Flask<2.0,>=1.0 in /usr/local/lib/python3.7/site-packages (from kedro-viz->kedro-static-viz) (1.1.1)
Requirement already satisfied: python-dateutil==2.8.0 in /usr/local/lib/python3.7/site-packages (from kedro-viz->kedro-static-viz) (2.8.0)
Requirement already satisfied: semver<3.0.0,>=2.0.0 in /usr/local/lib/python3.7/site-packages (from kedro-viz->kedro-static-viz) (2.9.1)
Requirement already satisfied: pandas<1.0,>=0.24.0 in /usr/local/lib/python3.7/site-packages (from kedro->kedro-static-viz) (0.25.3)
Requirement already satisfied: pyarrow<1.0.0,>=0.12.0 in /usr/local/lib/python3.7/site-packages (from kedro->kedro-static-viz) (0.16.0)
Requirement already satisfied: pip-tools<5.0.0,>=4.0.0 in /usr/local/lib/python3.7/site-packages (from kedro->kedro-static-viz) (4.5.1)
Requirement already satisfied: PyYAML<6.0,>=4.2 in /usr/local/lib/python3.7/site-packages (from kedro->kedro-static-viz) (5.3.1)
Requirement already satisfied: s3fs<1.0,>=0.3.0 in /usr/local/lib/python3.7/site-packages (from kedro->kedro-static-viz) (0.4.1)
Requirement already satisfied: SQLAlchemy<2.0,>=1.2.0 in /usr/local/lib/python3.7/site-packages (from kedro->kedro-static-viz) (1.3.15)
Requirement already satisfied: tables<3.6,>=3.4.4 in /usr/local/lib/python3.7/site-packages (from kedro->kedro-static-viz) (3.5.2)
Requirement already satisfied: cookiecutter<2.0,>=1.6.0 in /usr/local/lib/python3.7/site-packages (from kedro->kedro-static-viz) (1.7.0)
Requirement already satisfied: xlrd<2.0,>=1.0.0 in /usr/local/lib/python3.7/site-packages (from kedro->kedro-static-viz) (1.2.0)
Requirement already satisfied: anyconfig<1.0,>=0.9.7 in /usr/local/lib/python3.7/site-packages (from kedro->kedro-static-viz) (0.9.10)
Requirement already satisfied: xlsxwriter<2.0,>=1.0.0 in /usr/local/lib/python3.7/site-packages (from kedro->kedro-static-viz) (1.2.8)
Requirement already satisfied: requests<3.0,>=2.20.0 in /usr/local/lib/python3.7/site-packages (from kedro->kedro-static-viz) (2.23.0)
Requirement already satisfied: fsspec<1.0,>=0.5.1 in /usr/local/lib/python3.7/site-packages (from kedro->kedro-static-viz) (0.7.0)
Requirement already satisfied: python-json-logger<1.0,>=0.1.9 in /usr/local/lib/python3.7/site-packages (from kedro->kedro-static-viz) (0.1.11)
Requirement already satisfied: toposort<2.0,>=1.5 in /usr/local/lib/python3.7/site-packages (from kedro->kedro-static-viz) (1.5)
Requirement already satisfied: decorator in /usr/local/lib/python3.7/site-packages (from ipython<8.0,>=7.0.0->kedro-viz->kedro-static-viz) (4.4.2)
Requirement already satisfied: traitlets>=4.2 in /usr/local/lib/python3.7/site-packages (from ipython<8.0,>=7.0.0->kedro-viz->kedro-static-viz) (4.3.3)
Requirement already satisfied: setuptools>=18.5 in /usr/local/lib/python3.7/site-packages (from ipython<8.0,>=7.0.0->kedro-viz->kedro-static-viz) (46.0.0)
Requirement already satisfied: jedi>=0.10 in /usr/local/lib/python3.7/site-packages (from ipython<8.0,>=7.0.0->kedro-viz->kedro-static-viz) (0.16.0)
Requirement already satisfied: prompt-toolkit!=3.0.0,!=3.0.1,<3.1.0,>=2.0.0 in /usr/local/lib/python3.7/site-packages (from ipython<8.0,>=7.0.0->kedro-viz->kedro-static-viz) (3.0.5)
Requirement already satisfied: pexpect; sys_platform != "win32" in /usr/local/lib/python3.7/site-packages (from ipython<8.0,>=7.0.0->kedro-viz->kedro-static-viz) (4.8.0)
Requirement already satisfied: pickleshare in /usr/local/lib/python3.7/site-packages (from ipython<8.0,>=7.0.0->kedro-viz->kedro-static-viz) (0.7.5)
Requirement already satisfied: backcall in /usr/local/lib/python3.7/site-packages (from ipython<8.0,>=7.0.0->kedro-viz->kedro-static-viz) (0.1.0)
Requirement already satisfied: pygments in /usr/local/lib/python3.7/site-packages (from ipython<8.0,>=7.0.0->kedro-viz->kedro-static-viz) (2.6.1)
Requirement already satisfied: itsdangerous>=0.24 in /usr/local/lib/python3.7/site-packages (from Flask<2.0,>=1.0->kedro-viz->kedro-static-viz) (1.1.0)
Requirement already satisfied: Jinja2>=2.10.1 in /usr/local/lib/python3.7/site-packages (from Flask<2.0,>=1.0->kedro-viz->kedro-static-viz) (2.11.1)
Requirement already satisfied: Werkzeug>=0.15 in /usr/local/lib/python3.7/site-packages (from Flask<2.0,>=1.0->kedro-viz->kedro-static-viz) (1.0.0)
Requirement already satisfied: six>=1.5 in /usr/local/lib/python3.7/site-packages (from python-dateutil==2.8.0->kedro-viz->kedro-static-viz) (1.14.0)
Requirement already satisfied: numpy>=1.13.3 in /usr/local/lib/python3.7/site-packages (from pandas<1.0,>=0.24.0->kedro->kedro-static-viz) (1.18.2)
Requirement already satisfied: pytz>=2017.2 in /usr/local/lib/python3.7/site-packages (from pandas<1.0,>=0.24.0->kedro->kedro-static-viz) (2019.3)
Requirement already satisfied: botocore>=1.12.91 in /usr/local/lib/python3.7/site-packages (from s3fs<1.0,>=0.3.0->kedro->kedro-static-viz) (1.15.31)
Requirement already satisfied: numexpr>=2.6.2 in /usr/local/lib/python3.7/site-packages (from tables<3.6,>=3.4.4->kedro->kedro-static-viz) (2.7.1)
Requirement already satisfied: mock>=2.0 in /usr/local/lib/python3.7/site-packages (from tables<3.6,>=3.4.4->kedro->kedro-static-viz) (4.0.2)
Requirement already satisfied: jinja2-time>=0.1.0 in /usr/local/lib/python3.7/site-packages (from cookiecutter<2.0,>=1.6.0->kedro->kedro-static-viz) (0.2.0)
Requirement already satisfied: future>=0.15.2 in /usr/local/lib/python3.7/site-packages (from cookiecutter<2.0,>=1.6.0->kedro->kedro-static-viz) (0.18.2)
Requirement already satisfied: poyo>=0.1.0 in /usr/local/lib/python3.7/site-packages (from cookiecutter<2.0,>=1.6.0->kedro->kedro-static-viz) (0.5.0)
Requirement already satisfied: whichcraft>=0.4.0 in /usr/local/lib/python3.7/site-packages (from cookiecutter<2.0,>=1.6.0->kedro->kedro-static-viz) (0.6.1)
Requirement already satisfied: binaryornot>=0.2.0 in /usr/local/lib/python3.7/site-packages (from cookiecutter<2.0,>=1.6.0->kedro->kedro-static-viz) (0.4.4)
Requirement already satisfied: urllib3!=1.25.0,!=1.25.1,<1.26,>=1.21.1 in /usr/local/lib/python3.7/site-packages (from requests<3.0,>=2.20.0->kedro->kedro-static-viz) (1.25.8)
Requirement already satisfied: idna<3,>=2.5 in /usr/local/lib/python3.7/site-packages (from requests<3.0,>=2.20.0->kedro->kedro-static-viz) (2.9)
Requirement already satisfied: certifi>=2017.4.17 in /usr/local/lib/python3.7/site-packages (from requests<3.0,>=2.20.0->kedro->kedro-static-viz) (2019.11.28)
Requirement already satisfied: chardet<4,>=3.0.2 in /usr/local/lib/python3.7/site-packages (from requests<3.0,>=2.20.0->kedro->kedro-static-viz) (3.0.4)
Requirement already satisfied: ipython-genutils in /usr/local/lib/python3.7/site-packages (from traitlets>=4.2->ipython<8.0,>=7.0.0->kedro-viz->kedro-static-viz) (0.2.0)
Requirement already satisfied: parso>=0.5.2 in /usr/local/lib/python3.7/site-packages (from jedi>=0.10->ipython<8.0,>=7.0.0->kedro-viz->kedro-static-viz) (0.6.2)
Requirement already satisfied: wcwidth in /usr/local/lib/python3.7/site-packages (from prompt-toolkit!=3.0.0,!=3.0.1,<3.1.0,>=2.0.0->ipython<8.0,>=7.0.0->kedro-viz->kedro-static-viz) (0.1.9)
Requirement already satisfied: ptyprocess>=0.5 in /usr/local/lib/python3.7/site-packages (from pexpect; sys_platform != "win32"->ipython<8.0,>=7.0.0->kedro-viz->kedro-static-viz) (0.6.0)
Requirement already satisfied: MarkupSafe>=0.23 in /usr/local/lib/python3.7/site-packages (from Jinja2>=2.10.1->Flask<2.0,>=1.0->kedro-viz->kedro-static-viz) (1.1.1)
Requirement already satisfied: docutils<0.16,>=0.10 in /usr/local/lib/python3.7/site-packages (from botocore>=1.12.91->s3fs<1.0,>=0.3.0->kedro->kedro-static-viz) (0.15.2)
Requirement already satisfied: jmespath<1.0.0,>=0.7.1 in /usr/local/lib/python3.7/site-packages (from botocore>=1.12.91->s3fs<1.0,>=0.3.0->kedro->kedro-static-viz) (0.9.5)
Requirement already satisfied: arrow in /usr/local/lib/python3.7/site-packages (from jinja2-time>=0.1.0->cookiecutter<2.0,>=1.6.0->kedro->kedro-static-viz) (0.15.5)
Installing collected packages: kedro-static-viz
Successfully installed kedro-static-viz-0.1.2
/usr/local/lib/python3.7/site-packages/kedro/context/context.py:341: UserWarning: Credentials not found in your Kedro project config.
No files found in ['/github/workspace/conf/base', '/github/workspace/conf/local'] matching the glob pattern(s): ['credentials*', 'credentials*/**']
  str(exc)
/usr/local/lib/python3.7/site-packages/kedro/io/core.py:682: DeprecationWarning: CSVLocalDataSet will be deprecated in future releases. Please refer to replacement datasets in kedro.extras.datasets.
  DeprecationWarning,
